[21:13:29.278][INFO]: Successfully injected RecipeFS file system
[21:13:29.342][INFO]: Successfully identified and loaded plugin crafttweaker:builtin
[21:13:29.343][INFO]: Successfully identified and loaded plugin crafttweaker:builtin_forge
[21:13:29.355][INFO]: Successfully identified and loaded plugin farmersdelight:crafttweaker_plugin
[21:13:30.002][INFO]: The following mods have explicit CraftTweaker support through the default plugin:
[21:13:30.036][INFO]: - 'aether' at version '1.19.2-1.4.2-forge'
[21:13:30.036][INFO]: - 'aquaculture' at version '1.19.2-2.4.17'
[21:13:30.036][INFO]: - 'crafttweaker' at version '10.1.56'
[21:13:30.036][INFO]: - 'farmersdelight' at version '1.19.2-1.2.4'
[21:13:30.036][INFO]: - 'gamestages' at version '11.1.4'
[21:13:30.036][INFO]: - 'itemstages' at version '5.1.4'
[21:13:44.381][INFO]: Started loading scripts for loader 'initialize'
[21:13:44.879][INFO]: Compiling and executing scripts
[21:13:44.923][INFO]: Successfully initialized modules [crafttweaker, expansions]
[21:13:45.089][INFO]: Execution for loader 'initialize' completed successfully
[21:13:57.620][INFO]: Started loading scripts for loader 'tags'
[21:13:57.653][INFO]: Compiling and executing scripts
[21:13:57.669][INFO]: Successfully initialized modules [crafttweaker, expansions]
[21:13:57.678][INFO]: Execution for loader 'tags' completed successfully
[21:14:03.472][INFO]: Started loading scripts for loader 'crafttweaker'
[21:14:03.501][INFO]: Compiling and executing scripts
[21:14:03.892][INFO]: Successfully initialized modules [mods, crafttweaker, expansions]
[21:14:03.896][INFO]: Loading file 'Cisco.zs' with priority 0
[21:14:03.933][INFO]: Hello world!
[21:14:03.941][INFO]: Adding 'minecraft:smithing' recipe, with name: 'crafttweaker:dreadsteel_chestplate' that outputs: '<item:dreadsteel:dreadsteel_chestplate>'
[21:14:03.941][INFO]: Adding 'minecraft:smithing' recipe, with name: 'crafttweaker:dreadsteel_helmet' that outputs: '<item:dreadsteel:dreadsteel_helmet>'
[21:14:03.942][INFO]: Adding 'minecraft:smithing' recipe, with name: 'crafttweaker:dreadsteel_boots' that outputs: '<item:dreadsteel:dreadsteel_boots>'
[21:14:03.942][INFO]: Adding 'minecraft:smithing' recipe, with name: 'crafttweaker:dreadsteel_leggings' that outputs: '<item:dreadsteel:dreadsteel_leggings>'
[21:14:03.942][INFO]: Adding 'minecraft:crafting' recipe, of type: "shapeless", with name: 'crafttweaker:dreadsteel_ingot_recipe' that outputs: '<item:dreadsteel:dreadsteel_ingot>'
[21:14:03.943][INFO]: Adding 'minecraft:crafting' recipe, of type: "shapeless", with name: 'crafttweaker:dreadsteel_scythe_recipe' that outputs: '<item:dreadsteel:dreadsteel_scythe>'
[21:14:03.943][INFO]: Adding 'minecraft:crafting' recipe, of type: "shapeless", with name: 'crafttweaker:dreadsteel_shield_recipe' that outputs: '<item:dreadsteel:dreadsteel_shield>'
[21:14:03.944][INFO]: Removing "minecraft:crafting" recipes with modid: "dreadsteel"
[21:14:03.947][INFO]: Adding 'minecraft:crafting' recipe, of type: "shapeless", with name: 'crafttweaker:amnesia_scroll' that outputs: '<item:skilltree:amnesia_scroll>'
[21:14:03.948][INFO]: Adding 'minecraft:crafting' recipe, of type: "shapeless", with name: 'crafttweaker:true_dragons_breath' that outputs: '<item:cisco_mod:true_dragons_breath>'
[21:14:03.956][INFO]: Adding 'minecraft:crafting' recipe, of type: "shapeless", with name: 'crafttweaker:rogue_eye' that outputs: '<item:endrem:rogue_eye>.withTag({Damage: 0})'
[21:14:03.957][INFO]: Adding 'minecraft:crafting' recipe, of type: "shapeless", with name: 'crafttweaker:undead_soul' that outputs: '<item:endrem:undead_soul>'
[21:14:03.957][INFO]: Adding 'minecraft:crafting' recipe, of type: "shapeless", with name: 'crafttweaker:demonium_ingot_recipe' that outputs: '<item:cisco_mod:demonium_ingot>'
[21:14:03.957][INFO]: Adding 'minecraft:crafting' recipe, of type: "shapeless", with name: 'crafttweaker:frigidium_ingot_recipe' that outputs: '<item:cisco_mod:frigidiumingot>'
[21:14:03.957][INFO]: Execution for loader 'crafttweaker' completed successfully
[21:14:03.959][INFO]: This reload was made possible by Belathus and more! Become a patron at https://patreon.com/jaredlll08?s=crtmod
